<?xml version="1.0" encoding="UTF-8"?>
<coverage generated="1709109361466" clover="3.2.0">
  <project timestamp="1709109361467" name="All files">
    <metrics statements="11" coveredstatements="11" conditionals="3" coveredconditionals="3" methods="4" coveredmethods="4" elements="18" coveredelements="18" complexity="0" loc="11" ncloc="11" packages="1" files="2" classes="2"/>
    <file name="first-word.ts" path="/Users/kodookie/workspace/kata/workshop/tdd-type-script/src/first-word.ts">
      <metrics statements="5" coveredstatements="5" conditionals="3" coveredconditionals="3" methods="2" coveredmethods="2"/>
      <line num="1" count="1" type="stmt"/>
      <line num="25" count="1" type="stmt"/>
      <line num="26" count="4" type="stmt"/>
      <line num="28" count="4" type="cond" truecount="3" falsecount="0"/>
      <line num="30" count="1" type="stmt"/>
    </file>
    <file name="multiply.ts" path="/Users/kodookie/workspace/kata/workshop/tdd-type-script/src/multiply.ts">
      <metrics statements="6" coveredstatements="6" conditionals="0" coveredconditionals="0" methods="2" coveredmethods="2"/>
      <line num="1" count="1" type="stmt"/>
      <line num="2" count="3" type="stmt"/>
      <line num="3" count="3" type="stmt"/>
      <line num="5" count="1" type="stmt"/>
      <line num="6" count="2" type="stmt"/>
      <line num="8" count="1" type="stmt"/>
    </file>
  </project>
</coverage>
