<?xml version="1.0" encoding="UTF-8"?>
<coverage generated="1703469693923" clover="3.2.0">
  <project timestamp="1703469693923" name="All files">
    <metrics statements="6" coveredstatements="6" conditionals="1" coveredconditionals="1" methods="2" coveredmethods="2" elements="9" coveredelements="9" complexity="0" loc="6" ncloc="6" packages="1" files="1" classes="1"/>
    <file name="acceptable-password.ts" path="/Users/kodookie/workspace/kata/day1mc/tdd-type-script/src/kata-tdd/acceptable-password.ts">
      <metrics statements="6" coveredstatements="6" conditionals="1" coveredconditionals="1" methods="2" coveredmethods="2"/>
      <line num="1" count="1" type="stmt"/>
      <line num="3" count="1" type="stmt"/>
      <line num="4" count="2" type="cond" truecount="1" falsecount="0"/>
      <line num="5" count="1" type="stmt"/>
      <line num="7" count="1" type="stmt"/>
      <line num="10" count="1" type="stmt"/>
    </file>
  </project>
</coverage>
