{"/Users/kodookie/workspace/kata/workshop/tdd-type-script/src/first-word.ts": {"path":"/Users/kodookie/workspace/kata/workshop/tdd-type-script/src/first-word.ts","statementMap":{"0":{"start":{"line":1,"column":0},"end":{"line":1,"column":13}},"1":{"start":{"line":25,"column":4},"end":{"line":29,"column":null}},"2":{"start":{"line":26,"column":28},"end":{"line":26,"column":55}},"3":{"start":{"line":28,"column":8},"end":{"line":28,"column":91}},"4":{"start":{"line":30,"column":0},"end":{"line":30,"column":null}},"5":{"start":{"line":1,"column":13},"end":{"line":1,"column":22}}},"fnMap":{"0":{"name":"(anonymous_0)","decl":{"start":{"line":1,"column":0},"end":{"line":1,"column":13}},"loc":{"start":{"line":1,"column":0},"end":{"line":30,"column":null}}},"1":{"name":"(anonymous_2)","decl":{"start":{"line":25,"column":4},"end":{"line":25,"column":11}},"loc":{"start":{"line":25,"column":28},"end":{"line":29,"column":5}}}},"branchMap":{"0":{"loc":{"start":{"line":28,"column":15},"end":{"line":28,"column":90}},"type":"binary-expr","locations":[{"start":{"line":28,"column":16},"end":{"line":28,"column":25}},{"start":{"line":28,"column":29},"end":{"line":28,"column":83}},{"start":{"line":28,"column":88},"end":{"line":28,"column":90}}]}},"s":{"0":1,"1":1,"2":4,"3":4,"4":1,"5":1},"f":{"0":5,"1":4},"b":{"0":[4,3,1]}}
,"/Users/kodookie/workspace/kata/workshop/tdd-type-script/src/multiply.ts": {"path":"/Users/kodookie/workspace/kata/workshop/tdd-type-script/src/multiply.ts","statementMap":{"0":{"start":{"line":1,"column":0},"end":{"line":1,"column":13}},"1":{"start":{"line":2,"column":4},"end":{"line":2,"column":26}},"2":{"start":{"line":3,"column":4},"end":{"line":3,"column":26}},"3":{"start":{"line":5,"column":4},"end":{"line":7,"column":null}},"4":{"start":{"line":6,"column":8},"end":{"line":6,"column":47}},"5":{"start":{"line":8,"column":0},"end":{"line":8,"column":null}},"6":{"start":{"line":1,"column":13},"end":{"line":1,"column":21}}},"fnMap":{"0":{"name":"(anonymous_0)","decl":{"start":{"line":1,"column":0},"end":{"line":1,"column":13}},"loc":{"start":{"line":1,"column":0},"end":{"line":8,"column":null}}},"1":{"name":"(anonymous_2)","decl":{"start":{"line":5,"column":4},"end":{"line":5,"column":21}},"loc":{"start":{"line":5,"column":4},"end":{"line":7,"column":5}}}},"branchMap":{},"s":{"0":1,"1":3,"2":3,"3":1,"4":2,"5":1,"6":1},"f":{"0":4,"1":2},"b":{}}
}
